\BOOKMARK [0][-]{chapter*.8}{INTRODUCCI\323N}{}% 1
\BOOKMARK [0][-]{chapter.1}{OBJETIVOS}{}% 2
\BOOKMARK [0][-]{chapter.2}{CONJUNTO ESTABILIZANTE PARA SISTEMAS LTI}{}% 3
\BOOKMARK [1][-]{section.2.1}{ESTABILIDAD PARA UN SISTEMA LTI}{chapter.2}% 4
\BOOKMARK [1][-]{section.2.2}{CONJUNTO ESTABILIZANTE}{chapter.2}% 5
\BOOKMARK [2][-]{subsection.2.2.1}{Incidencia de S en la estabilidad de un lazo de control}{section.2.2}% 6
\BOOKMARK [2][-]{subsection.2.2.2}{Escenarios din\341micos viables en S para el sistema compensado}{section.2.2}% 7
\BOOKMARK [1][-]{section.2.3}{DISE\321O GR\301FICO DE CONTROLES A PARTIR DEL C\301LCULO DE S}{chapter.2}% 8
\BOOKMARK [2][-]{subsection.2.3.1}{Descripci\363n general de requerimientos}{section.2.3}% 9
\BOOKMARK [2][-]{subsection.2.3.2}{Selecci\363n de herramienta para implementaci\363n}{section.2.3}% 10
\BOOKMARK [2][-]{subsection.2.3.3}{Descripci\363n de interfaz dise\361ada}{section.2.3}% 11
\BOOKMARK [0][-]{chapter.3}{MODELADO MATEM\301TICO DEL DRON}{}% 12
\BOOKMARK [1][-]{section.3.1}{VEH\315CULOS A\311REOS NO TRIPULADOS}{chapter.3}% 13
\BOOKMARK [2][-]{subsection.3.1.1}{Mecanismo de vuelo}{section.3.1}% 14
\BOOKMARK [2][-]{subsection.3.1.2}{Control del sistema}{section.3.1}% 15
\BOOKMARK [2][-]{subsection.3.1.3}{Sens\363rica}{section.3.1}% 16
\BOOKMARK [2][-]{subsection.3.1.4}{Aplicaciones}{section.3.1}% 17
\BOOKMARK [1][-]{section.3.2}{COORDENADAS EN EL ESPACIO DE MOVIMIENTO}{chapter.3}% 18
\BOOKMARK [1][-]{section.3.3}{ECUACIONES DEL MOVIMIENTO}{chapter.3}% 19
\BOOKMARK [2][-]{subsection.3.3.1}{Movimiento de traslaci\363n}{section.3.3}% 20
\BOOKMARK [2][-]{subsection.3.3.2}{Movimiento de rotaci\363n}{section.3.3}% 21
\BOOKMARK [2][-]{subsection.3.3.3}{Simplificaciones del modelo}{section.3.3}% 22
\BOOKMARK [1][-]{section.3.4}{AN\301LISIS DEL COMPORTAMIENTO EN LAZO ABIERTO}{chapter.3}% 23
\BOOKMARK [0][-]{chapter.4}{CONTROLADORES PI Y SU CONJUNTO ESTABILIZANTE}{}% 24
\BOOKMARK [1][-]{section.4.1}{CONTROLADORES PID}{chapter.4}% 25
\BOOKMARK [2][-]{subsection.4.1.1}{Reglas de sintonizaci\363n}{section.4.1}% 26
\BOOKMARK [1][-]{section.4.2}{AN\301LISIS DE ESTABILIDAD PARA UN CONTROLADOR PI}{chapter.4}% 27
\BOOKMARK [2][-]{subsection.4.2.1}{Sintonizaci\363n PI por Ziegler \046 Nichols}{section.4.2}% 28
\BOOKMARK [2][-]{subsection.4.2.2}{Conjunto estabilizante para sistema ante control PI}{section.4.2}% 29
\BOOKMARK [1][-]{section.4.3}{FRAGILIDAD DE CONTROLADORES PI}{chapter.4}% 30
\BOOKMARK [2][-]{subsection.4.3.1}{Geometr\355a para m\341rgenes de estabilidad en un controlador PI}{section.4.3}% 31
\BOOKMARK [2][-]{subsection.4.3.2}{Definici\363n de m\351trica para calcular distancia a inestabilidad}{section.4.3}% 32
\BOOKMARK [0][-]{chapter.5}{RECOMENDACIONES}{}% 33
\BOOKMARK [0][-]{chapter.6}{TRABAJO FUTURO}{}% 34
\BOOKMARK [0][-]{chapter.7}{CONCLUSIONES}{}% 35
\BOOKMARK [0][-]{chapter*.34}{BIBLIOGRAF\315A}{}% 36
\BOOKMARK [0][-]{chapter*.35}{ANEXOS}{}% 37
