This is TeX, Version 3.14159265 (MiKTeX 2.9.6300 64-bit) (preloaded format=tex 2019.4.3)  3 APR 2019 18:04
**./mp332684.tex
(mp332684.tex
! Undefined control sequence.
l.1 \documentclass
                  [12pt, letterpaper]{article}
The control sequence at the end of the top line
of your error message was never \def'ed. If you have
misspelled it (e.g., `\hobx'), type `I' and the correct
spelling (e.g., `I\hbox'). Otherwise just continue,
and I'll forget about whatever was undefined.

! Undefined control sequence.
l.2 \usepackage
               [latin1]{inputenc}
The control sequence at the end of the top line
of your error message was never \def'ed. If you have
misspelled it (e.g., `\hobx'), type `I' and the correct
spelling (e.g., `I\hbox'). Otherwise just continue,
and I'll forget about whatever was undefined.

! Undefined control sequence.
l.3 \begin
          {document}
The control sequence at the end of the top line
of your error message was never \def'ed. If you have
misspelled it (e.g., `\hobx'), type `I' and the correct
spelling (e.g., `I\hbox'). Otherwise just continue,
and I'll forget about whatever was undefined.

[1] [1] )
Output written on mp332684.dvi (2 pages, 352 bytes).
