\BOOKMARK [0][-]{chapter*.2}{\315ndice de cuadros}{}% 1
\BOOKMARK [0][-]{chapter*.3}{\315ndice de figuras}{}% 2
\BOOKMARK [1][-]{section*.4}{Introducci\363n}{chapter*.3}% 3
\BOOKMARK [1][-]{section.0.1}{Marco te\363rico}{chapter*.3}% 4
\BOOKMARK [2][-]{subsection.0.1.1}{M\351todo de Dispersi\363n de la Matriz en Fase S\363lida}{section.0.1}% 5
\BOOKMARK [3][-]{subsubsection.0.1.1.1}{Factores a considerar en la extracci\363n MSPD}{subsection.0.1.1}% 6
\BOOKMARK [3][-]{subsubsection.0.1.1.2}{Extracci\363n en fase s\363lida}{subsection.0.1.1}% 7
\BOOKMARK [2][-]{subsection.0.1.2}{Din\341mica de Fluidos Computacional}{section.0.1}% 8
\BOOKMARK [3][-]{subsubsection.0.1.2.1}{Solucionadores}{subsection.0.1.2}% 9
\BOOKMARK [3][-]{subsubsection.0.1.2.2}{Metodolog\355as de verificaci\363n y validaci\363n}{subsection.0.1.2}% 10
\BOOKMARK [3][-]{subsubsection.0.1.2.3}{An\341lisis bidimensional - 2D}{subsection.0.1.2}% 11
\BOOKMARK [2][-]{subsection.0.1.3}{M\351todo de Elementos Discretos}{section.0.1}% 12
\BOOKMARK [3][-]{subsubsection.0.1.3.1}{Detecci\363n de una colici\363n}{subsection.0.1.3}% 13
\BOOKMARK [2][-]{subsection.0.1.4}{M\351todo CFD-DEM}{section.0.1}% 14
\BOOKMARK [3][-]{subsubsection.0.1.4.1}{Fase del solvente}{subsection.0.1.4}% 15
\BOOKMARK [3][-]{subsubsection.0.1.4.2}{Enfoque Euler - Lagrange}{subsection.0.1.4}% 16
\BOOKMARK [4][-]{paragraph.0.1.4.2.1}{Planteamiento num\351rico}{subsubsection.0.1.4.2}% 17
\BOOKMARK [2][-]{subsection.0.1.5}{Sedimentaci\363n}{section.0.1}% 18
\BOOKMARK [3][-]{subsubsection.0.1.5.1}{Sedimentadores convencionales}{subsection.0.1.5}% 19
\BOOKMARK [3][-]{subsubsection.0.1.5.2}{Sedimentador de placas inclinadas}{subsection.0.1.5}% 20
\BOOKMARK [4][-]{paragraph.0.1.5.2.1}{Desarrollo te\363rico}{subsubsection.0.1.5.2}% 21
\BOOKMARK [4][-]{paragraph.0.1.5.2.2}{Modelo simplificado}{subsubsection.0.1.5.2}% 22
\BOOKMARK [1][-]{section.0.2}{Metodolog\355a}{chapter*.3}% 23
\BOOKMARK [2][-]{subsection.0.2.1}{Recopilaci\363n de datos}{section.0.2}% 24
\BOOKMARK [2][-]{subsection.0.2.2}{Propiedades del fluido}{section.0.2}% 25
\BOOKMARK [2][-]{subsection.0.2.3}{Velocidad m\341xima de sedimentaci\363n}{section.0.2}% 26
\BOOKMARK [2][-]{subsection.0.2.4}{Geometr\355a de lamelas}{section.0.2}% 27
\BOOKMARK [2][-]{subsection.0.2.5}{Ancho del sedimentador}{section.0.2}% 28
\BOOKMARK [2][-]{subsection.0.2.6}{C\341lculo de Re y v0}{section.0.2}% 29
\BOOKMARK [2][-]{subsection.0.2.7}{Tuber\355a de entrada y tolva de sedimentos}{section.0.2}% 30
\BOOKMARK [2][-]{subsection.0.2.8}{Discretizaci\363n del volumen de control}{section.0.2}% 31
\BOOKMARK [2][-]{subsection.0.2.9}{Checkeo de malla}{section.0.2}% 32
\BOOKMARK [2][-]{subsection.0.2.10}{Metodolog\355a de frontera}{section.0.2}% 33
\BOOKMARK [2][-]{subsection.0.2.11}{Metodolog\355a CFD}{section.0.2}% 34
\BOOKMARK [2][-]{subsection.0.2.12}{C\341lculo del error}{section.0.2}% 35
\BOOKMARK [2][-]{subsection.0.2.13}{Metodolog\355a CFD-DEM}{section.0.2}% 36
\BOOKMARK [2][-]{subsection.0.2.14}{Software de dise\361o}{section.0.2}% 37
\BOOKMARK [3][-]{subsubsection.0.2.14.1}{Frontend}{subsection.0.2.14}% 38
\BOOKMARK [3][-]{subsubsection.0.2.14.2}{Backend}{subsection.0.2.14}% 39
\BOOKMARK [4][-]{paragraph.0.2.14.2.1}{Dise\361o funcional te\363rico}{subsubsection.0.2.14.2}% 40
\BOOKMARK [4][-]{paragraph.0.2.14.2.2}{Simulaciones num\351ricas}{subsubsection.0.2.14.2}% 41
\BOOKMARK [1][-]{section.0.3}{Resultados}{chapter*.3}% 42
\BOOKMARK [2][-]{subsection.0.3.1}{Propiedades del fluido}{section.0.3}% 43
\BOOKMARK [2][-]{subsection.0.3.2}{Velocidad m\341xima de sedimentaci\363n}{section.0.3}% 44
\BOOKMARK [2][-]{subsection.0.3.3}{Geometr\355a inicial}{section.0.3}% 45
\BOOKMARK [2][-]{subsection.0.3.4}{Mallado de la geometr\355a}{section.0.3}% 46
\BOOKMARK [2][-]{subsection.0.3.5}{Condiciones de frontera}{section.0.3}% 47
\BOOKMARK [2][-]{subsection.0.3.6}{Simulaci\363n CFD}{section.0.3}% 48
\BOOKMARK [2][-]{subsection.0.3.7}{Error computacional}{section.0.3}% 49
\BOOKMARK [2][-]{subsection.0.3.8}{Simulaci\363n CFD-DEM}{section.0.3}% 50
\BOOKMARK [1][-]{section.0.4}{An\341lisis de resultados}{chapter*.3}% 51
\BOOKMARK [1][-]{section.0.5}{Validaci\363n del modelo}{chapter*.3}% 52
\BOOKMARK [2][-]{subsection.0.5.1}{Descripci\363n del problema}{section.0.5}% 53
\BOOKMARK [2][-]{subsection.0.5.2}{Desarrollo experimental}{section.0.5}% 54
\BOOKMARK [3][-]{subsubsection.0.5.2.1}{Descripci\363n particular}{subsection.0.5.2}% 55
\BOOKMARK [3][-]{subsubsection.0.5.2.2}{M\351todos experimentales}{subsection.0.5.2}% 56
\BOOKMARK [2][-]{subsection.0.5.3}{Resultados}{section.0.5}% 57
\BOOKMARK [1][-]{section*.64}{Conclusiones}{chapter*.3}% 58
\BOOKMARK [1][-]{section*.65}{Recomendaciones}{chapter*.3}% 59
\BOOKMARK [1][-]{table.caption.66}{Bibliograf\355a}{chapter*.3}% 60
\BOOKMARK [0][-]{chapter.1}{Bibliograf\355a}{}% 61
